2021-10-06 15:29:31 INFO  HttpRequestExecutor:43 - POST https://api.av.by/auth/phone/sign-up HTTP/1.1was compled, with response: 
2021-10-06 15:31:26 INFO  HttpRequestExecutor:43 - POST https://api.av.by/auth/phone/sign-up HTTP/1.1was compled, with response: no content
2021-10-06 20:54:17 INFO  HttpRequestExecutor:43 - POST https://icq.com/smscode/login/ru HTTP/1.1 was completed, with response: {"status":200,"statusText":"Ok","trans_id":"36f14b25b9b7571c80fdf31198c828ac","csrf":"7087e7e923cbe462030f46304e23b1d2"}
2021-10-07 01:17:07 INFO  HttpRequestExecutor:43 - POST https://discord.com/api/v9/auth/register/phone HTTP/1.1 was completed, with response: 
2021-10-07 01:18:18 INFO  HttpRequestExecutor:44 - POST https://discord.com/api/v9/auth/register/phone HTTP/1.1 was completed, with response: 
2021-10-07 01:19:32 INFO  HttpRequestExecutor:44 - POST https://discord.com/api/v9/auth/register/phone HTTP/1.1 was completed, with response: no content
2021-10-07 01:39:23 INFO  HttpRequestExecutor:44 - POST https://avto.abw.by/login/auth HTTP/1.1 was completed, with response: {"success":true,"open_modal":"<strong>Введите код</strong></div></li>\n                \n\t\t\t\t<br>Код отправлен на номер<br>+375447617762\n                <li class=\"b-elem_w_inp code-reg\">\n                    <input type=\"hidden\" name=\"response-phone\" id=\"reg-phone-code\" value=\"+375447617762\">\n\t\t\t\t\t<input type=\"text\" placeholder=\"Код\" name=\"code\" id=\"reg-code\" required=\"\">\n\t\t\t\t\t<p></p>\n\t\t\t\t</li>\n\t\t\t\t<li class=\"resend-code\">\n\t\t\t\t    <a href=\"#\" class=\"b-menu_item_list cr-reg_btn login_process\" data-action=\"resendcode\" title=\"Выслать код повторно\">Выслать код повторно</a>\n\t\t\t\t    <p></p>\n\t\t\t\t</li>\n                <li class=\"b-elem_w_inp\">\n\t\t\t\t\t<button type=\"submit\" class=\"b-go_login_btn login_process\" data-action=\"authwithcode\" data-sleepmode=\"Пожалуйста, подождите\">Подтвердить</button>\n\t\t\t\t</li><div>"}
2021-10-07 01:39:23 INFO  HttpRequestExecutor:44 - POST https://api.av.by/auth/phone/sign-up HTTP/1.1 was completed, with response: no content
2021-10-07 01:39:24 INFO  HttpRequestExecutor:44 - POST https://discord.com/api/v9/auth/register/phone HTTP/1.1 was completed, with response: no content
2021-10-07 01:39:24 INFO  HttpRequestExecutor:44 - POST https://icq.com/smscode/login/ru HTTP/1.1 was completed, with response: {"status":200,"statusText":"Ok","trans_id":"36f4f373d053496f30653773e0203cfc","csrf":"354e63d7c20698e035a816270185b831"}
2021-10-07 01:39:24 INFO  HttpRequestExecutor:44 - POST https://realt.by/bff/graphql HTTP/1.1 was completed, with response: {"data":{"initPhoneVerification":{"success":true,"errors":[]}}}

2021-10-07 01:39:25 INFO  HttpRequestExecutor:44 - POST https://mobileproxy.passport.yandex.net/1/bundle/phone/confirm/submit HTTP/1.1 was completed, with response: {
  "deny_resend_until": 1633559996, 
  "status": "ok", 
  "number": {
    "masked_e164": "+37544*****62", 
    "e164": "+375447617762", 
    "international": "+375 44 761-77-62", 
    "masked_original": "+37544*****62", 
    "original": "+375447617762", 
    "masked_international": "+375 44 ***-**-62"
  }, 
  "code_length": 6, 
  "track_id": "47ec61e24f383ee51f945eed2df3934f27"
}
2021-10-07 01:41:08 INFO  HttpRequestExecutor:44 - POST https://avto.abw.by/login/auth HTTP/1.1 was completed, with response: {"success":true,"open_modal":"<strong>Введите код</strong></div></li>\n                \n\t\t\t\t<br>Код отправлен на номер<br>+375447617762\n                <li class=\"b-elem_w_inp code-reg\">\n                    <input type=\"hidden\" name=\"response-phone\" id=\"reg-phone-code\" value=\"+375447617762\">\n\t\t\t\t\t<input type=\"text\" placeholder=\"Код\" name=\"code\" id=\"reg-code\" required=\"\">\n\t\t\t\t\t<p></p>\n\t\t\t\t</li>\n\t\t\t\t<li class=\"resend-code\">\n\t\t\t\t    <a href=\"#\" class=\"b-menu_item_list cr-reg_btn login_process\" data-action=\"resendcode\" title=\"Выслать код повторно\">Выслать код повторно</a>\n\t\t\t\t    <p></p>\n\t\t\t\t</li>\n                <li class=\"b-elem_w_inp\">\n\t\t\t\t\t<button type=\"submit\" class=\"b-go_login_btn login_process\" data-action=\"authwithcode\" data-sleepmode=\"Пожалуйста, подождите\">Подтвердить</button>\n\t\t\t\t</li><div>"}
2021-10-07 01:41:10 INFO  HttpRequestExecutor:44 - POST https://api.av.by/auth/phone/sign-up HTTP/1.1 was completed, with response: no content
2021-10-07 01:41:12 INFO  HttpRequestExecutor:44 - POST https://discord.com/api/v9/auth/register/phone HTTP/1.1 was completed, with response: no content
2021-10-07 01:41:13 INFO  HttpRequestExecutor:44 - POST https://icq.com/smscode/login/ru HTTP/1.1 was completed, with response: {"status":200,"statusText":"Ok","trans_id":"63cbe9a8625e10e2c873df4314f75c6a","csrf":"e9f401c0aadc0265e5a56bcc5aac3d21"}
2021-10-07 01:41:14 INFO  HttpRequestExecutor:44 - POST https://realt.by/bff/graphql HTTP/1.1 was completed, with response: {"data":{"initPhoneVerification":{"success":true,"errors":[]}}}

2021-10-07 01:41:16 INFO  HttpRequestExecutor:44 - POST https://mobileproxy.passport.yandex.net/1/bundle/phone/confirm/submit HTTP/1.1 was completed, with response: {
  "deny_resend_until": 1633560107, 
  "status": "ok", 
  "number": {
    "masked_e164": "+37544*****62", 
    "e164": "+375447617762", 
    "international": "+375 44 761-77-62", 
    "masked_original": "+37544*****62", 
    "original": "+375447617762", 
    "masked_international": "+375 44 ***-**-62"
  }, 
  "code_length": 6, 
  "track_id": "81a6648645093f3e5595d349de58650915"
}
2021-10-07 01:41:17 INFO  HttpRequestExecutor:44 - POST https://avto.abw.by/login/auth HTTP/1.1 was completed, with response: {"success":true,"open_modal":"<strong>Введите код</strong></div></li>\n                \n\t\t\t\t<br>Код отправлен на номер<br>+375447617762\n                <li class=\"b-elem_w_inp code-reg\">\n                    <input type=\"hidden\" name=\"response-phone\" id=\"reg-phone-code\" value=\"+375447617762\">\n\t\t\t\t\t<input type=\"text\" placeholder=\"Код\" name=\"code\" id=\"reg-code\" required=\"\">\n\t\t\t\t\t<p></p>\n\t\t\t\t</li>\n\t\t\t\t<li class=\"resend-code\">\n\t\t\t\t    <a href=\"#\" class=\"b-menu_item_list cr-reg_btn login_process\" data-action=\"resendcode\" title=\"Выслать код повторно\">Выслать код повторно</a>\n\t\t\t\t    <p></p>\n\t\t\t\t</li>\n                <li class=\"b-elem_w_inp\">\n\t\t\t\t\t<button type=\"submit\" class=\"b-go_login_btn login_process\" data-action=\"authwithcode\" data-sleepmode=\"Пожалуйста, подождите\">Подтвердить</button>\n\t\t\t\t</li><div>"}
2021-10-07 01:41:18 INFO  HttpRequestExecutor:44 - POST https://api.av.by/auth/phone/sign-up HTTP/1.1 was completed, with response: no content
2021-10-07 01:41:20 INFO  HttpRequestExecutor:44 - POST https://discord.com/api/v9/auth/register/phone HTTP/1.1 was completed, with response: no content
2021-10-07 01:41:21 INFO  HttpRequestExecutor:44 - POST https://icq.com/smscode/login/ru HTTP/1.1 was completed, with response: {"status":200,"statusText":"Ok","trans_id":"f1e22a96f975975de761bd3cc8fd1a8d","csrf":"dcca7ede8788a59eef7d7b7ba53792d9"}
2021-10-07 01:41:22 INFO  HttpRequestExecutor:44 - POST https://realt.by/bff/graphql HTTP/1.1 was completed, with response: {"data":{"initPhoneVerification":{"success":true,"errors":[]}}}

2021-10-07 01:42:30 INFO  HttpRequestExecutor:44 - POST https://avto.abw.by/login/auth HTTP/1.1 was completed, with response: {"success":true,"open_modal":"<strong>Введите код</strong></div></li>\n                \n\t\t\t\t<br>Код отправлен на номер<br>+375293219658\n                <li class=\"b-elem_w_inp code-reg\">\n                    <input type=\"hidden\" name=\"response-phone\" id=\"reg-phone-code\" value=\"+375293219658\">\n\t\t\t\t\t<input type=\"text\" placeholder=\"Код\" name=\"code\" id=\"reg-code\" required=\"\">\n\t\t\t\t\t<p></p>\n\t\t\t\t</li>\n\t\t\t\t<li class=\"resend-code\">\n\t\t\t\t    <a href=\"#\" class=\"b-menu_item_list cr-reg_btn login_process\" data-action=\"resendcode\" title=\"Выслать код повторно\">Выслать код повторно</a>\n\t\t\t\t    <p></p>\n\t\t\t\t</li>\n                <li class=\"b-elem_w_inp\">\n\t\t\t\t\t<button type=\"submit\" class=\"b-go_login_btn login_process\" data-action=\"authwithcode\" data-sleepmode=\"Пожалуйста, подождите\">Подтвердить</button>\n\t\t\t\t</li><div>"}
2021-10-07 01:42:32 INFO  HttpRequestExecutor:44 - POST https://api.av.by/auth/phone/sign-up HTTP/1.1 was completed, with response: no content
2021-10-07 01:42:37 INFO  HttpRequestExecutor:44 - POST https://discord.com/api/v9/auth/register/phone HTTP/1.1 was completed, with response: no content
2021-10-07 01:42:39 INFO  HttpRequestExecutor:44 - POST https://icq.com/smscode/login/ru HTTP/1.1 was completed, with response: {"status":200,"statusText":"Ok","trans_id":"66dad4a30ea459f91b6ad316a0db45ee","csrf":"54a14b4c4fff7d4468f8f324400b09a9"}
2021-10-07 01:42:41 INFO  HttpRequestExecutor:44 - POST https://realt.by/bff/graphql HTTP/1.1 was completed, with response: {"data":{"initPhoneVerification":{"success":true,"errors":[]}}}

2021-10-07 01:42:50 INFO  HttpRequestExecutor:44 - POST https://mobileproxy.passport.yandex.net/1/bundle/phone/confirm/submit HTTP/1.1 was completed, with response: {
  "deny_resend_until": 1633560195, 
  "status": "ok", 
  "number": {
    "masked_e164": "+37529*****58", 
    "e164": "+375293219658", 
    "international": "+375 29 321-96-58", 
    "masked_original": "+37529*****58", 
    "original": "+375293219658", 
    "masked_international": "+375 29 ***-**-58"
  }, 
  "code_length": 6, 
  "track_id": "ff71d6a458f9bbf8f497c3bcc4a0804228"
}
2021-10-07 01:42:58 INFO  HttpRequestExecutor:44 - POST https://avto.abw.by/login/auth HTTP/1.1 was completed, with response: {"success":true,"open_modal":"<strong>Введите код</strong></div></li>\n                \n\t\t\t\t<br>Код отправлен на номер<br>+375293219658\n                <li class=\"b-elem_w_inp code-reg\">\n                    <input type=\"hidden\" name=\"response-phone\" id=\"reg-phone-code\" value=\"+375293219658\">\n\t\t\t\t\t<input type=\"text\" placeholder=\"Код\" name=\"code\" id=\"reg-code\" required=\"\">\n\t\t\t\t\t<p></p>\n\t\t\t\t</li>\n\t\t\t\t<li class=\"resend-code\">\n\t\t\t\t    <a href=\"#\" class=\"b-menu_item_list cr-reg_btn login_process\" data-action=\"resendcode\" title=\"Выслать код повторно\">Выслать код повторно</a>\n\t\t\t\t    <p></p>\n\t\t\t\t</li>\n                <li class=\"b-elem_w_inp\">\n\t\t\t\t\t<button type=\"submit\" class=\"b-go_login_btn login_process\" data-action=\"authwithcode\" data-sleepmode=\"Пожалуйста, подождите\">Подтвердить</button>\n\t\t\t\t</li><div>"}
2021-10-07 01:43:00 INFO  HttpRequestExecutor:44 - POST https://api.av.by/auth/phone/sign-up HTTP/1.1 was completed, with response: no content
2021-10-07 01:43:03 INFO  HttpRequestExecutor:44 - POST https://discord.com/api/v9/auth/register/phone HTTP/1.1 was completed, with response: no content
2021-10-07 01:43:05 INFO  HttpRequestExecutor:44 - POST https://icq.com/smscode/login/ru HTTP/1.1 was completed, with response: {"status":200,"statusText":"Ok","trans_id":"cc262a9161282c96dfe59e279541f6af","csrf":"88cb694eb64d370d5f87fab448409d84"}
2021-10-07 01:43:08 INFO  HttpRequestExecutor:44 - POST https://realt.by/bff/graphql HTTP/1.1 was completed, with response: {"data":{"initPhoneVerification":{"success":true,"errors":[]}}}

2021-10-07 01:43:10 INFO  HttpRequestExecutor:44 - POST https://mobileproxy.passport.yandex.net/1/bundle/phone/confirm/submit HTTP/1.1 was completed, with response: {
  "deny_resend_until": 1633560221, 
  "status": "ok", 
  "number": {
    "masked_e164": "+37529*****58", 
    "e164": "+375293219658", 
    "international": "+375 29 321-96-58", 
    "masked_original": "+37529*****58", 
    "original": "+375293219658", 
    "masked_international": "+375 29 ***-**-58"
  }, 
  "code_length": 6, 
  "track_id": "1b6bfe391c648758626c0caf5704f7b925"
}
2021-10-07 01:43:12 INFO  HttpRequestExecutor:44 - POST https://avto.abw.by/login/auth HTTP/1.1 was completed, with response: {"success":true,"open_modal":"<strong>Введите код</strong></div></li>\n                \n\t\t\t\t<br>Код отправлен на номер<br>+375293219658\n                <li class=\"b-elem_w_inp code-reg\">\n                    <input type=\"hidden\" name=\"response-phone\" id=\"reg-phone-code\" value=\"+375293219658\">\n\t\t\t\t\t<input type=\"text\" placeholder=\"Код\" name=\"code\" id=\"reg-code\" required=\"\">\n\t\t\t\t\t<p></p>\n\t\t\t\t</li>\n\t\t\t\t<li class=\"resend-code\">\n\t\t\t\t    <a href=\"#\" class=\"b-menu_item_list cr-reg_btn login_process\" data-action=\"resendcode\" title=\"Выслать код повторно\">Выслать код повторно</a>\n\t\t\t\t    <p></p>\n\t\t\t\t</li>\n                <li class=\"b-elem_w_inp\">\n\t\t\t\t\t<button type=\"submit\" class=\"b-go_login_btn login_process\" data-action=\"authwithcode\" data-sleepmode=\"Пожалуйста, подождите\">Подтвердить</button>\n\t\t\t\t</li><div>"}
2021-10-07 01:43:15 INFO  HttpRequestExecutor:44 - POST https://api.av.by/auth/phone/sign-up HTTP/1.1 was completed, with response: no content
2021-10-07 01:43:17 INFO  HttpRequestExecutor:44 - POST https://discord.com/api/v9/auth/register/phone HTTP/1.1 was completed, with response: no content
2021-10-07 01:43:20 INFO  HttpRequestExecutor:44 - POST https://icq.com/smscode/login/ru HTTP/1.1 was completed, with response: {"status":200,"statusText":"Ok","trans_id":"2b14c8559924f488d5af7f7b422833cf","csrf":"c78cd67ac8a67300b9ffb8cf83da89c3"}
2021-10-07 01:43:22 INFO  HttpRequestExecutor:44 - POST https://realt.by/bff/graphql HTTP/1.1 was completed, with response: {"data":{"initPhoneVerification":{"success":true,"errors":[]}}}

2021-10-07 01:43:24 INFO  HttpRequestExecutor:44 - POST https://mobileproxy.passport.yandex.net/1/bundle/phone/confirm/submit HTTP/1.1 was completed, with response: {
  "deny_resend_until": 1633560235, 
  "status": "ok", 
  "number": {
    "masked_e164": "+37529*****58", 
    "e164": "+375293219658", 
    "international": "+375 29 321-96-58", 
    "masked_original": "+37529*****58", 
    "original": "+375293219658", 
    "masked_international": "+375 29 ***-**-58"
  }, 
  "code_length": 6, 
  "track_id": "725d25e8bfd0ef6e5d6117fc4cb908fe04"
}
2021-10-07 01:43:27 INFO  HttpRequestExecutor:44 - POST https://avto.abw.by/login/auth HTTP/1.1 was completed, with response: {"success":true,"open_modal":"<strong>Введите код</strong></div></li>\n                \n\t\t\t\t<br>Код отправлен на номер<br>+375293219658\n                <li class=\"b-elem_w_inp code-reg\">\n                    <input type=\"hidden\" name=\"response-phone\" id=\"reg-phone-code\" value=\"+375293219658\">\n\t\t\t\t\t<input type=\"text\" placeholder=\"Код\" name=\"code\" id=\"reg-code\" required=\"\">\n\t\t\t\t\t<p></p>\n\t\t\t\t</li>\n\t\t\t\t<li class=\"resend-code\">\n\t\t\t\t    <a href=\"#\" class=\"b-menu_item_list cr-reg_btn login_process\" data-action=\"resendcode\" title=\"Выслать код повторно\">Выслать код повторно</a>\n\t\t\t\t    <p></p>\n\t\t\t\t</li>\n                <li class=\"b-elem_w_inp\">\n\t\t\t\t\t<button type=\"submit\" class=\"b-go_login_btn login_process\" data-action=\"authwithcode\" data-sleepmode=\"Пожалуйста, подождите\">Подтвердить</button>\n\t\t\t\t</li><div>"}
2021-10-07 01:43:29 INFO  HttpRequestExecutor:44 - POST https://api.av.by/auth/phone/sign-up HTTP/1.1 was completed, with response: no content
2021-10-07 01:43:31 INFO  HttpRequestExecutor:44 - POST https://discord.com/api/v9/auth/register/phone HTTP/1.1 was completed, with response: 
2021-10-07 01:43:34 INFO  HttpRequestExecutor:44 - POST https://icq.com/smscode/login/ru HTTP/1.1 was completed, with response: {"status":200,"statusText":"Ok","trans_id":"cdf4ccd2e02cb95f946c096b0727702d","csrf":"d2f46f9b07cc58967a4c5896a2197917"}
2021-10-07 01:43:36 INFO  HttpRequestExecutor:44 - POST https://realt.by/bff/graphql HTTP/1.1 was completed, with response: {"data":{"initPhoneVerification":{"success":false,"errors":[{"code":403,"title":"Forbidden","message":"Вы исчерпали лимит SMS-сообщений. Измените номер или попробуйте через час","field":null}]}}}

2021-10-07 01:43:38 INFO  HttpRequestExecutor:44 - POST https://mobileproxy.passport.yandex.net/1/bundle/phone/confirm/submit HTTP/1.1 was completed, with response: {
  "deny_resend_until": 1633560249, 
  "status": "ok", 
  "number": {
    "masked_e164": "+37529*****58", 
    "e164": "+375293219658", 
    "international": "+375 29 321-96-58", 
    "masked_original": "+37529*****58", 
    "original": "+375293219658", 
    "masked_international": "+375 29 ***-**-58"
  }, 
  "code_length": 6, 
  "track_id": "d3c161d8b6dd1238ef882ae3f131401505"
}
2021-10-07 01:43:41 INFO  HttpRequestExecutor:44 - POST https://avto.abw.by/login/auth HTTP/1.1 was completed, with response: {"success":true,"open_modal":"<strong>Введите код</strong></div></li>\n                \n\t\t\t\t<br>Код отправлен на номер<br>+375293219658\n                <li class=\"b-elem_w_inp code-reg\">\n                    <input type=\"hidden\" name=\"response-phone\" id=\"reg-phone-code\" value=\"+375293219658\">\n\t\t\t\t\t<input type=\"text\" placeholder=\"Код\" name=\"code\" id=\"reg-code\" required=\"\">\n\t\t\t\t\t<p></p>\n\t\t\t\t</li>\n\t\t\t\t<li class=\"resend-code\">\n\t\t\t\t    <a href=\"#\" class=\"b-menu_item_list cr-reg_btn login_process\" data-action=\"resendcode\" title=\"Выслать код повторно\">Выслать код повторно</a>\n\t\t\t\t    <p></p>\n\t\t\t\t</li>\n                <li class=\"b-elem_w_inp\">\n\t\t\t\t\t<button type=\"submit\" class=\"b-go_login_btn login_process\" data-action=\"authwithcode\" data-sleepmode=\"Пожалуйста, подождите\">Подтвердить</button>\n\t\t\t\t</li><div>"}
2021-10-07 01:43:43 INFO  HttpRequestExecutor:44 - POST https://api.av.by/auth/phone/sign-up HTTP/1.1 was completed, with response: no content
2021-10-07 01:43:45 INFO  HttpRequestExecutor:44 - POST https://discord.com/api/v9/auth/register/phone HTTP/1.1 was completed, with response: 
2021-10-07 01:43:48 INFO  HttpRequestExecutor:44 - POST https://icq.com/smscode/login/ru HTTP/1.1 was completed, with response: {"status":200,"statusText":"Ok","trans_id":"ee025c131e5899c5f918618388f64faa","csrf":"ee8b8a7c213f26ed12becc7aa73cc99c"}
2021-10-07 01:43:50 INFO  HttpRequestExecutor:44 - POST https://realt.by/bff/graphql HTTP/1.1 was completed, with response: {"data":{"initPhoneVerification":{"success":false,"errors":[{"code":403,"title":"Forbidden","message":"Вы исчерпали лимит SMS-сообщений. Измените номер или попробуйте через час","field":null}]}}}

2021-10-07 01:43:52 INFO  HttpRequestExecutor:44 - POST https://mobileproxy.passport.yandex.net/1/bundle/phone/confirm/submit HTTP/1.1 was completed, with response: {
  "deny_resend_until": 1633560263, 
  "status": "ok", 
  "number": {
    "masked_e164": "+37529*****58", 
    "e164": "+375293219658", 
    "international": "+375 29 321-96-58", 
    "masked_original": "+37529*****58", 
    "original": "+375293219658", 
    "masked_international": "+375 29 ***-**-58"
  }, 
  "code_length": 6, 
  "track_id": "00ea194c8aa703ce1eb851f2412ba5af11"
}
